[2026-04-16 15:06:12.582] [info] Using configuration file /home/gustavo/.config/waybar/config.jsonc
[2026-04-16 15:06:12.587] [info] Discovered appearance 'dark'
[2026-04-16 15:06:12.649] [info] Using CSS file /home/gustavo/.config/waybar/style.css
[2026-04-16 15:06:12.659] [info] Hyprland IPC starting
[2026-04-16 15:06:12.660] [info] Loading persistent workspaces from Waybar config
[2026-04-16 15:06:12.660] [info] Loading persistent workspaces from Hyprland workspace rules
[2026-04-16 15:06:12.661] [warning] module cava: Disabling module "cava", Unknown module
[2026-04-16 15:06:12.804] [info] Found device AT Translated Set 2 keyboard at '/dev/input/event4'
[2026-04-16 15:06:13.084] [info] Bar configured (width: 1920, height: 34) for output: eDP-1
[2026-04-16 15:06:21.316] [info] Using configuration file /home/gustavo/.config/waybar/config.jsonc
[2026-04-16 15:06:21.322] [info] Discovered appearance 'dark'
[2026-04-16 15:06:21.379] [info] Using CSS file /home/gustavo/.config/waybar/style.css
[2026-04-16 15:06:21.390] [info] Hyprland IPC starting
[2026-04-16 15:06:21.390] [info] Loading persistent workspaces from Waybar config
[2026-04-16 15:06:21.391] [info] Loading persistent workspaces from Hyprland workspace rules
[2026-04-16 15:06:21.392] [warning] module cava: Disabling module "cava", Unknown module
[2026-04-16 15:06:21.531] [info] Found device AT Translated Set 2 keyboard at '/dev/input/event4'
[2026-04-16 15:06:21.820] [info] Bar configured (width: 1920, height: 34) for output: eDP-1
[2026-04-16 15:08:21.164] [info] Using configuration file /home/gustavo/.config/waybar/config.jsonc
[2026-04-16 15:08:21.170] [info] Discovered appearance 'dark'
[2026-04-16 15:08:21.228] [info] Using CSS file /home/gustavo/.config/waybar/style.css
[2026-04-16 15:08:21.238] [info] Hyprland IPC starting
[2026-04-16 15:08:21.239] [info] Loading persistent workspaces from Waybar config
[2026-04-16 15:08:21.239] [info] Loading persistent workspaces from Hyprland workspace rules
[2026-04-16 15:08:21.391] [info] Found device AT Translated Set 2 keyboard at '/dev/input/event4'
[2026-04-16 15:08:21.709] [info] Bar configured (width: 1920, height: 34) for output: eDP-1
sed: couldn't flush stdout: Broken pipe
[2026-04-16 15:12:53.147] [info] Using configuration file /home/gustavo/.config/waybar/config.jsonc
[2026-04-16 15:12:53.153] [info] Discovered appearance 'dark'
[2026-04-16 15:12:53.215] [info] Using CSS file /home/gustavo/.config/waybar/style.css
[2026-04-16 15:12:53.227] [info] Hyprland IPC starting
[2026-04-16 15:12:53.228] [info] Loading persistent workspaces from Waybar config
[2026-04-16 15:12:53.228] [info] Loading persistent workspaces from Hyprland workspace rules
[2026-04-16 15:12:53.399] [info] Found device AT Translated Set 2 keyboard at '/dev/input/event4'
[2026-04-16 15:12:53.760] [info] Bar configured (width: 1920, height: 34) for output: eDP-1
sed: couldn't flush stdout: Broken pipe
[2026-04-16 15:18:06.699] [info] Using configuration file /home/gustavo/.config/waybar/config.jsonc
[2026-04-16 15:18:06.705] [info] Discovered appearance 'dark'
[2026-04-16 15:18:06.772] [info] Using CSS file /home/gustavo/.config/waybar/style.css
[2026-04-16 15:18:06.784] [info] Hyprland IPC starting
[2026-04-16 15:18:06.785] [info] Loading persistent workspaces from Waybar config
[2026-04-16 15:18:06.785] [info] Loading persistent workspaces from Hyprland workspace rules
[2026-04-16 15:18:06.946] [info] Found device AT Translated Set 2 keyboard at '/dev/input/event4'
[2026-04-16 15:18:07.257] [info] Bar configured (width: 1920, height: 34) for output: eDP-1
The source doesn't exist

The source doesn't exist

The source doesn't exist

[2026-04-16 16:44:42.193] [info] Using configuration file /home/gustavo/.config/waybar/config.jsonc
[2026-04-16 16:44:42.199] [info] Discovered appearance 'dark'
[2026-04-16 16:44:42.254] [info] Using CSS file /home/gustavo/.config/waybar/style.css
[2026-04-16 16:44:42.265] [info] Hyprland IPC starting
[2026-04-16 16:44:42.266] [info] Loading persistent workspaces from Waybar config
[2026-04-16 16:44:42.266] [info] Loading persistent workspaces from Hyprland workspace rules
[2026-04-16 16:44:42.432] [info] Found device AT Translated Set 2 keyboard at '/dev/input/event4'
[2026-04-16 16:44:42.749] [info] Bar configured (width: 1920, height: 34) for output: eDP-1
[0.160] Ignoring unknown config key: enable_background_blur
The source doesn't exist

The source doesn't exist

The source doesn't exist

[2026-04-16 16:54:23.740] [info] Using configuration file /home/gustavo/.config/waybar/config.jsonc
[2026-04-16 16:54:23.746] [info] Discovered appearance 'dark'
[2026-04-16 16:54:23.803] [info] Using CSS file /home/gustavo/.config/waybar/style.css
[2026-04-16 16:54:23.813] [info] Hyprland IPC starting
[2026-04-16 16:54:23.814] [info] Loading persistent workspaces from Waybar config
[2026-04-16 16:54:23.814] [info] Loading persistent workspaces from Hyprland workspace rules
[2026-04-16 16:54:23.962] [info] Found device AT Translated Set 2 keyboard at '/dev/input/event4'
[2026-04-16 16:54:24.261] [info] Bar configured (width: 1920, height: 34) for output: eDP-1
ok
ok
[[0;93mCHG[0m] Controller 00:93:37:E4:E3:A9 PowerState: on-disabling
Changing power off succeeded
[[0;93mCHG[0m] Controller 00:93:37:E4:E3:A9 PowerState: off
[[0;93mCHG[0m] Controller 00:93:37:E4:E3:A9 Powered: no
[[0;93mCHG[0m] Controller 00:93:37:E4:E3:A9 Discovering: no
[[0;93mCHG[0m] Controller 00:93:37:E4:E3:A9 Class: 0x00000000 (0)
[0.105] Ignoring unknown config key: enable_background_blur
pyenv-virtualenv: activate must be sourced. Run 'source activate envname' instead of 'activate envname'
[0.107] Ignoring unknown config key: enable_background_blur
[2026-04-16 17:30:44.662] [info] Using configuration file /home/gustavo/.config/waybar/config.jsonc
[2026-04-16 17:30:44.676] [info] Discovered appearance 'dark'
[2026-04-16 17:30:44.735] [info] Using CSS file /home/gustavo/.config/waybar/style.css
[2026-04-16 17:30:44.747] [info] Hyprland IPC starting
[2026-04-16 17:30:44.748] [info] Loading persistent workspaces from Waybar config
[2026-04-16 17:30:44.748] [info] Loading persistent workspaces from Hyprland workspace rules
[2026-04-16 17:30:44.900] [info] Found device AT Translated Set 2 keyboard at '/dev/input/event4'
[2026-04-16 17:30:45.185] [info] Bar configured (width: 1920, height: 34) for output: eDP-1
[2026-04-16 17:31:12.211] [info] Using configuration file /home/gustavo/.config/waybar/config.jsonc
[2026-04-16 17:31:12.215] [info] Discovered appearance 'dark'
[2026-04-16 17:31:12.269] [info] Using CSS file /home/gustavo/.config/waybar/style.css
[2026-04-16 17:31:12.279] [info] Hyprland IPC starting
[2026-04-16 17:31:12.280] [info] Loading persistent workspaces from Waybar config
[2026-04-16 17:31:12.280] [info] Loading persistent workspaces from Hyprland workspace rules
[2026-04-16 17:31:12.417] [info] Found device AT Translated Set 2 keyboard at '/dev/input/event4'
[2026-04-16 17:31:12.704] [info] Bar configured (width: 1920, height: 34) for output: eDP-1
[0.099] Ignoring unknown config key: enable_background_blur
[2026-04-16 17:31:51.407] [info] Using configuration file /home/gustavo/.config/waybar/config.jsonc
[2026-04-16 17:31:51.413] [info] Discovered appearance 'dark'
[2026-04-16 17:31:51.466] [info] Using CSS file /home/gustavo/.config/waybar/style.css
[2026-04-16 17:31:51.476] [info] Hyprland IPC starting
[2026-04-16 17:31:51.477] [info] Loading persistent workspaces from Waybar config
[2026-04-16 17:31:51.477] [info] Loading persistent workspaces from Hyprland workspace rules
[2026-04-16 17:31:51.634] [info] Found device AT Translated Set 2 keyboard at '/dev/input/event4'
[2026-04-16 17:31:51.927] [info] Bar configured (width: 1920, height: 34) for output: eDP-1
[2026-04-16 17:32:06.964] [info] Using configuration file /home/gustavo/.config/waybar/config.jsonc
[2026-04-16 17:32:06.970] [info] Discovered appearance 'dark'
[2026-04-16 17:32:07.028] [info] Using CSS file /home/gustavo/.config/waybar/style.css
[2026-04-16 17:32:07.039] [info] Hyprland IPC starting
[2026-04-16 17:32:07.040] [info] Loading persistent workspaces from Waybar config
[2026-04-16 17:32:07.040] [info] Loading persistent workspaces from Hyprland workspace rules
[2026-04-16 17:32:07.189] [info] Found device AT Translated Set 2 keyboard at '/dev/input/event4'
[2026-04-16 17:32:07.484] [info] Bar configured (width: 1920, height: 34) for output: eDP-1
